This is pdfTeX, Version 3.14159265-2.6-1.40.19 (TeX Live 2018) (preloaded format=pdflatex 2018.5.8)  12 MAR 2019 21:34
entering extended mode
 restricted \write18 enabled.
 file:line:error style messages enabled.
 %&-line parsing enabled.
**trendiness.tex
(./trendiness.tex
LaTeX2e <2018-04-01> patch level 2
Babel <3.18> and hyphenation patterns for 84 language(s) loaded.
(/usr/local/texlive/2018/texmf-dist/tex/latex/beamer/beamer.cls
Document Class: beamer 2018/02/20 v3.50 A class for typesetting presentations
(/usr/local/texlive/2018/texmf-dist/tex/latex/beamer/beamerbasemodes.sty
(/usr/local/texlive/2018/texmf-dist/tex/latex/etoolbox/etoolbox.sty
Package: etoolbox 2018/02/11 v2.5e e-TeX tools for LaTeX (JAW)
\etb@tempcnta=\count80
)
\beamer@tempbox=\box26
\beamer@tempcount=\count81
\c@beamerpauses=\count82

(/usr/local/texlive/2018/texmf-dist/tex/latex/beamer/beamerbasedecode.sty
\beamer@slideinframe=\count83
\beamer@minimum=\count84
)
\beamer@commentbox=\box27
\beamer@modecount=\count85
)
(/usr/local/texlive/2018/texmf-dist/tex/generic/oberdiek/ifpdf.sty
Package: ifpdf 2017/03/15 v3.2 Provides the ifpdf switch
)
\headdp=\dimen102
\footheight=\dimen103
\sidebarheight=\dimen104
\beamer@tempdim=\dimen105
\beamer@finalheight=\dimen106
\beamer@animht=\dimen107
\beamer@animdp=\dimen108
\beamer@animwd=\dimen109
\beamer@leftmargin=\dimen110
\beamer@rightmargin=\dimen111
\beamer@leftsidebar=\dimen112
\beamer@rightsidebar=\dimen113
\beamer@boxsize=\dimen114
\beamer@vboxoffset=\dimen115
\beamer@descdefault=\dimen116
\beamer@descriptionwidth=\dimen117
\beamer@lastskip=\skip41
\beamer@areabox=\box28
\beamer@animcurrent=\box29
\beamer@animshowbox=\box30
\beamer@sectionbox=\box31
\beamer@logobox=\box32
\beamer@linebox=\box33
\beamer@sectioncount=\count86
\beamer@subsubsectionmax=\count87
\beamer@subsectionmax=\count88
\beamer@sectionmax=\count89
\beamer@totalheads=\count90
\beamer@headcounter=\count91
\beamer@partstartpage=\count92
\beamer@sectionstartpage=\count93
\beamer@subsectionstartpage=\count94
\beamer@animationtempa=\count95
\beamer@animationtempb=\count96
\beamer@xpos=\count97
\beamer@ypos=\count98
\beamer@ypos@offset=\count99
\beamer@showpartnumber=\count100
\beamer@currentsubsection=\count101
\beamer@coveringdepth=\count102
\beamer@sectionadjust=\count103
\beamer@tocsectionnumber=\count104

(/usr/local/texlive/2018/texmf-dist/tex/latex/beamer/beamerbaseoptions.sty
(/usr/local/texlive/2018/texmf-dist/tex/latex/graphics/keyval.sty
Package: keyval 2014/10/28 v1.15 key=value parser (DPC)
\KV@toks@=\toks14
))
\beamer@paperwidth=\skip42
\beamer@paperheight=\skip43

(/usr/local/texlive/2018/texmf-dist/tex/latex/geometry/geometry.sty
Package: geometry 2018/03/24 v5.7 Page Geometry

(/usr/local/texlive/2018/texmf-dist/tex/generic/oberdiek/ifvtex.sty
Package: ifvtex 2016/05/16 v1.6 Detect VTeX and its facilities (HO)
Package ifvtex Info: VTeX not detected.
)
(/usr/local/texlive/2018/texmf-dist/tex/generic/ifxetex/ifxetex.sty
Package: ifxetex 2010/09/12 v0.6 Provides ifxetex conditional
)
\Gm@cnth=\count105
\Gm@cntv=\count106
\c@Gm@tempcnt=\count107
\Gm@bindingoffset=\dimen118
\Gm@wd@mp=\dimen119
\Gm@odd@mp=\dimen120
\Gm@even@mp=\dimen121
\Gm@layoutwidth=\dimen122
\Gm@layoutheight=\dimen123
\Gm@layouthoffset=\dimen124
\Gm@layoutvoffset=\dimen125
\Gm@dimlist=\toks15
)

Class beamer Warning: ``serif'' is obsolete. Use font theme ``serif'' instead o
n input line 336.

(/usr/local/texlive/2018/texmf-dist/tex/latex/base/size11.clo
File: size11.clo 2014/09/29 v1.4h Standard LaTeX file (size option)
)
(/usr/local/texlive/2018/texmf-dist/tex/latex/pgf/basiclayer/pgfcore.sty
(/usr/local/texlive/2018/texmf-dist/tex/latex/graphics/graphicx.sty
Package: graphicx 2017/06/01 v1.1a Enhanced LaTeX Graphics (DPC,SPQR)

(/usr/local/texlive/2018/texmf-dist/tex/latex/graphics/graphics.sty
Package: graphics 2017/06/25 v1.2c Standard LaTeX Graphics (DPC,SPQR)

(/usr/local/texlive/2018/texmf-dist/tex/latex/graphics/trig.sty
Package: trig 2016/01/03 v1.10 sin cos tan (DPC)
)
(/usr/local/texlive/2018/texmf-dist/tex/latex/graphics-cfg/graphics.cfg
File: graphics.cfg 2016/06/04 v1.11 sample graphics configuration
)
Package graphics Info: Driver file: pdftex.def on input line 99.

(/usr/local/texlive/2018/texmf-dist/tex/latex/graphics-def/pdftex.def
File: pdftex.def 2018/01/08 v1.0l Graphics/color driver for pdftex
))
\Gin@req@height=\dimen126
\Gin@req@width=\dimen127
)
(/usr/local/texlive/2018/texmf-dist/tex/latex/pgf/systemlayer/pgfsys.sty
(/usr/local/texlive/2018/texmf-dist/tex/latex/pgf/utilities/pgfrcs.sty
(/usr/local/texlive/2018/texmf-dist/tex/generic/pgf/utilities/pgfutil-common.te
x
\pgfutil@everybye=\toks16
\pgfutil@tempdima=\dimen128
\pgfutil@tempdimb=\dimen129

(/usr/local/texlive/2018/texmf-dist/tex/generic/pgf/utilities/pgfutil-common-li
sts.tex))
(/usr/local/texlive/2018/texmf-dist/tex/generic/pgf/utilities/pgfutil-latex.def
\pgfutil@abb=\box34
(/usr/local/texlive/2018/texmf-dist/tex/latex/ms/everyshi.sty
Package: everyshi 2001/05/15 v3.00 EveryShipout Package (MS)
))
(/usr/local/texlive/2018/texmf-dist/tex/generic/pgf/utilities/pgfrcs.code.tex
Package: pgfrcs 2015/08/07 v3.0.1a (rcs-revision 1.31)
))
(/usr/local/texlive/2018/texmf-dist/tex/generic/pgf/systemlayer/pgfsys.code.tex
Package: pgfsys 2014/07/09 v3.0.1a (rcs-revision 1.48)
(/usr/local/texlive/2018/texmf-dist/tex/generic/pgf/utilities/pgfkeys.code.tex
\pgfkeys@pathtoks=\toks17
\pgfkeys@temptoks=\toks18

(/usr/local/texlive/2018/texmf-dist/tex/generic/pgf/utilities/pgfkeysfiltered.c
ode.tex
\pgfkeys@tmptoks=\toks19
))
\pgf@x=\dimen130
\pgf@y=\dimen131
\pgf@xa=\dimen132
\pgf@ya=\dimen133
\pgf@xb=\dimen134
\pgf@yb=\dimen135
\pgf@xc=\dimen136
\pgf@yc=\dimen137
\w@pgf@writea=\write3
\r@pgf@reada=\read1
\c@pgf@counta=\count108
\c@pgf@countb=\count109
\c@pgf@countc=\count110
\c@pgf@countd=\count111
\t@pgf@toka=\toks20
\t@pgf@tokb=\toks21
\t@pgf@tokc=\toks22

(/usr/local/texlive/2018/texmf-dist/tex/generic/pgf/systemlayer/pgf.cfg
File: pgf.cfg 2008/05/14  (rcs-revision 1.7)
)
Driver file for pgf: pgfsys-pdftex.def

(/usr/local/texlive/2018/texmf-dist/tex/generic/pgf/systemlayer/pgfsys-pdftex.d
ef
File: pgfsys-pdftex.def 2014/10/11  (rcs-revision 1.35)

(/usr/local/texlive/2018/texmf-dist/tex/generic/pgf/systemlayer/pgfsys-common-p
df.def
File: pgfsys-common-pdf.def 2013/10/10  (rcs-revision 1.13)
)))
(/usr/local/texlive/2018/texmf-dist/tex/generic/pgf/systemlayer/pgfsyssoftpath.
code.tex
File: pgfsyssoftpath.code.tex 2013/09/09  (rcs-revision 1.9)
\pgfsyssoftpath@smallbuffer@items=\count112
\pgfsyssoftpath@bigbuffer@items=\count113
)
(/usr/local/texlive/2018/texmf-dist/tex/generic/pgf/systemlayer/pgfsysprotocol.
code.tex
File: pgfsysprotocol.code.tex 2006/10/16  (rcs-revision 1.4)
)) (/usr/local/texlive/2018/texmf-dist/tex/latex/xcolor/xcolor.sty
Package: xcolor 2016/05/11 v2.12 LaTeX color extensions (UK)

(/usr/local/texlive/2018/texmf-dist/tex/latex/graphics-cfg/color.cfg
File: color.cfg 2016/01/02 v1.6 sample color configuration
)
Package xcolor Info: Package option `pdflatex' ignored on input line 216.
Package xcolor Info: Driver file: pdftex.def on input line 225.

(/usr/local/texlive/2018/texmf-dist/tex/latex/colortbl/colortbl.sty
Package: colortbl 2012/02/13 v1.0a Color table columns (DPC)

(/usr/local/texlive/2018/texmf-dist/tex/latex/tools/array.sty
Package: array 2018/04/07 v2.4g Tabular extension package (FMi)
\col@sep=\dimen138
\ar@mcellbox=\box35
\extrarowheight=\dimen139
\NC@list=\toks23
\extratabsurround=\skip44
\backup@length=\skip45
\ar@cellbox=\box36
)
\everycr=\toks24
\minrowclearance=\skip46
)
\rownum=\count114
Package xcolor Info: Model `cmy' substituted by `cmy0' on input line 1348.
Package xcolor Info: Model `hsb' substituted by `rgb' on input line 1352.
Package xcolor Info: Model `RGB' extended on input line 1364.
Package xcolor Info: Model `HTML' substituted by `rgb' on input line 1366.
Package xcolor Info: Model `Hsb' substituted by `hsb' on input line 1367.
Package xcolor Info: Model `tHsb' substituted by `hsb' on input line 1368.
Package xcolor Info: Model `HSB' substituted by `hsb' on input line 1369.
Package xcolor Info: Model `Gray' substituted by `gray' on input line 1370.
Package xcolor Info: Model `wave' substituted by `hsb' on input line 1371.

(/usr/local/texlive/2018/texmf-dist/tex/latex/graphics/dvipsnam.def
File: dvipsnam.def 2016/06/17 v3.0m Driver-dependent file (DPC,SPQR)
))
(/usr/local/texlive/2018/texmf-dist/tex/generic/pgf/basiclayer/pgfcore.code.tex
Package: pgfcore 2010/04/11 v3.0.1a (rcs-revision 1.7)
(/usr/local/texlive/2018/texmf-dist/tex/generic/pgf/math/pgfmath.code.tex
(/usr/local/texlive/2018/texmf-dist/tex/generic/pgf/math/pgfmathcalc.code.tex
(/usr/local/texlive/2018/texmf-dist/tex/generic/pgf/math/pgfmathutil.code.tex)
(/usr/local/texlive/2018/texmf-dist/tex/generic/pgf/math/pgfmathparser.code.tex
\pgfmath@dimen=\dimen140
\pgfmath@count=\count115
\pgfmath@box=\box37
\pgfmath@toks=\toks25
\pgfmath@stack@operand=\toks26
\pgfmath@stack@operation=\toks27
)
(/usr/local/texlive/2018/texmf-dist/tex/generic/pgf/math/pgfmathfunctions.code.
tex
(/usr/local/texlive/2018/texmf-dist/tex/generic/pgf/math/pgfmathfunctions.basic
.code.tex)
(/usr/local/texlive/2018/texmf-dist/tex/generic/pgf/math/pgfmathfunctions.trigo
nometric.code.tex)
(/usr/local/texlive/2018/texmf-dist/tex/generic/pgf/math/pgfmathfunctions.rando
m.code.tex)
(/usr/local/texlive/2018/texmf-dist/tex/generic/pgf/math/pgfmathfunctions.compa
rison.code.tex)
(/usr/local/texlive/2018/texmf-dist/tex/generic/pgf/math/pgfmathfunctions.base.
code.tex)
(/usr/local/texlive/2018/texmf-dist/tex/generic/pgf/math/pgfmathfunctions.round
.code.tex)
(/usr/local/texlive/2018/texmf-dist/tex/generic/pgf/math/pgfmathfunctions.misc.
code.tex)
(/usr/local/texlive/2018/texmf-dist/tex/generic/pgf/math/pgfmathfunctions.integ
erarithmetics.code.tex)))
(/usr/local/texlive/2018/texmf-dist/tex/generic/pgf/math/pgfmathfloat.code.tex
\c@pgfmathroundto@lastzeros=\count116
))
(/usr/local/texlive/2018/texmf-dist/tex/generic/pgf/basiclayer/pgfcorepoints.co
de.tex
File: pgfcorepoints.code.tex 2013/10/07  (rcs-revision 1.27)
\pgf@picminx=\dimen141
\pgf@picmaxx=\dimen142
\pgf@picminy=\dimen143
\pgf@picmaxy=\dimen144
\pgf@pathminx=\dimen145
\pgf@pathmaxx=\dimen146
\pgf@pathminy=\dimen147
\pgf@pathmaxy=\dimen148
\pgf@xx=\dimen149
\pgf@xy=\dimen150
\pgf@yx=\dimen151
\pgf@yy=\dimen152
\pgf@zx=\dimen153
\pgf@zy=\dimen154
)
(/usr/local/texlive/2018/texmf-dist/tex/generic/pgf/basiclayer/pgfcorepathconst
ruct.code.tex
File: pgfcorepathconstruct.code.tex 2013/10/07  (rcs-revision 1.29)
\pgf@path@lastx=\dimen155
\pgf@path@lasty=\dimen156
)
(/usr/local/texlive/2018/texmf-dist/tex/generic/pgf/basiclayer/pgfcorepathusage
.code.tex
File: pgfcorepathusage.code.tex 2014/11/02  (rcs-revision 1.24)
\pgf@shorten@end@additional=\dimen157
\pgf@shorten@start@additional=\dimen158
)
(/usr/local/texlive/2018/texmf-dist/tex/generic/pgf/basiclayer/pgfcorescopes.co
de.tex
File: pgfcorescopes.code.tex 2015/05/08  (rcs-revision 1.46)
\pgfpic=\box38
\pgf@hbox=\box39
\pgf@layerbox@main=\box40
\pgf@picture@serial@count=\count117
)
(/usr/local/texlive/2018/texmf-dist/tex/generic/pgf/basiclayer/pgfcoregraphicst
ate.code.tex
File: pgfcoregraphicstate.code.tex 2014/11/02  (rcs-revision 1.12)
\pgflinewidth=\dimen159
)
(/usr/local/texlive/2018/texmf-dist/tex/generic/pgf/basiclayer/pgfcoretransform
ations.code.tex
File: pgfcoretransformations.code.tex 2015/08/07  (rcs-revision 1.20)
\pgf@pt@x=\dimen160
\pgf@pt@y=\dimen161
\pgf@pt@temp=\dimen162
)
(/usr/local/texlive/2018/texmf-dist/tex/generic/pgf/basiclayer/pgfcorequick.cod
e.tex
File: pgfcorequick.code.tex 2008/10/09  (rcs-revision 1.3)
)
(/usr/local/texlive/2018/texmf-dist/tex/generic/pgf/basiclayer/pgfcoreobjects.c
ode.tex
File: pgfcoreobjects.code.tex 2006/10/11  (rcs-revision 1.2)
)
(/usr/local/texlive/2018/texmf-dist/tex/generic/pgf/basiclayer/pgfcorepathproce
ssing.code.tex
File: pgfcorepathprocessing.code.tex 2013/09/09  (rcs-revision 1.9)
)
(/usr/local/texlive/2018/texmf-dist/tex/generic/pgf/basiclayer/pgfcorearrows.co
de.tex
File: pgfcorearrows.code.tex 2015/05/14  (rcs-revision 1.43)
\pgfarrowsep=\dimen163
)
(/usr/local/texlive/2018/texmf-dist/tex/generic/pgf/basiclayer/pgfcoreshade.cod
e.tex
File: pgfcoreshade.code.tex 2013/07/15  (rcs-revision 1.15)
\pgf@max=\dimen164
\pgf@sys@shading@range@num=\count118
)
(/usr/local/texlive/2018/texmf-dist/tex/generic/pgf/basiclayer/pgfcoreimage.cod
e.tex
File: pgfcoreimage.code.tex 2013/07/15  (rcs-revision 1.18)

(/usr/local/texlive/2018/texmf-dist/tex/generic/pgf/basiclayer/pgfcoreexternal.
code.tex
File: pgfcoreexternal.code.tex 2014/07/09  (rcs-revision 1.21)
\pgfexternal@startupbox=\box41
))
(/usr/local/texlive/2018/texmf-dist/tex/generic/pgf/basiclayer/pgfcorelayers.co
de.tex
File: pgfcorelayers.code.tex 2013/07/18  (rcs-revision 1.7)
)
(/usr/local/texlive/2018/texmf-dist/tex/generic/pgf/basiclayer/pgfcoretranspare
ncy.code.tex
File: pgfcoretransparency.code.tex 2013/09/30  (rcs-revision 1.5)
)
(/usr/local/texlive/2018/texmf-dist/tex/generic/pgf/basiclayer/pgfcorepatterns.
code.tex
File: pgfcorepatterns.code.tex 2013/11/07  (rcs-revision 1.5)
)))
(/usr/local/texlive/2018/texmf-dist/tex/latex/pgf/utilities/xxcolor.sty
Package: xxcolor 2003/10/24 ver 0.1
\XC@nummixins=\count119
\XC@countmixins=\count120
)
(/usr/local/texlive/2018/texmf-dist/tex/generic/oberdiek/atbegshi.sty
Package: atbegshi 2016/06/09 v1.18 At begin shipout hook (HO)

(/usr/local/texlive/2018/texmf-dist/tex/generic/oberdiek/infwarerr.sty
Package: infwarerr 2016/05/16 v1.4 Providing info/warning/error messages (HO)
)
(/usr/local/texlive/2018/texmf-dist/tex/generic/oberdiek/ltxcmds.sty
Package: ltxcmds 2016/05/16 v1.23 LaTeX kernel commands for general use (HO)
))
(/usr/local/texlive/2018/texmf-dist/tex/latex/hyperref/hyperref.sty
Package: hyperref 2018/02/06 v6.86b Hypertext links for LaTeX

(/usr/local/texlive/2018/texmf-dist/tex/generic/oberdiek/hobsub-hyperref.sty
Package: hobsub-hyperref 2016/05/16 v1.14 Bundle oberdiek, subset hyperref (HO)


(/usr/local/texlive/2018/texmf-dist/tex/generic/oberdiek/hobsub-generic.sty
Package: hobsub-generic 2016/05/16 v1.14 Bundle oberdiek, subset generic (HO)
Package: hobsub 2016/05/16 v1.14 Construct package bundles (HO)
Package hobsub Info: Skipping package `infwarerr' (already loaded).
Package hobsub Info: Skipping package `ltxcmds' (already loaded).
Package: ifluatex 2016/05/16 v1.4 Provides the ifluatex switch (HO)
Package ifluatex Info: LuaTeX not detected.
Package hobsub Info: Skipping package `ifvtex' (already loaded).
Package: intcalc 2016/05/16 v1.2 Expandable calculations with integers (HO)
Package hobsub Info: Skipping package `ifpdf' (already loaded).
Package: etexcmds 2016/05/16 v1.6 Avoid name clashes with e-TeX commands (HO)
Package etexcmds Info: Could not find \expanded.
(etexcmds)             That can mean that you are not using pdfTeX 1.50 or
(etexcmds)             that some package has redefined \expanded.
(etexcmds)             In the latter case, load this package earlier.
Package: kvsetkeys 2016/05/16 v1.17 Key value parser (HO)
Package: kvdefinekeys 2016/05/16 v1.4 Define keys (HO)
Package: pdftexcmds 2018/01/30 v0.27 Utility functions of pdfTeX for LuaTeX (HO
)
Package pdftexcmds Info: LuaTeX not detected.
Package pdftexcmds Info: \pdf@primitive is available.
Package pdftexcmds Info: \pdf@ifprimitive is available.
Package pdftexcmds Info: \pdfdraftmode found.
Package: pdfescape 2016/05/16 v1.14 Implements pdfTeX's escape features (HO)
Package: bigintcalc 2016/05/16 v1.4 Expandable calculations on big integers (HO
)
Package: bitset 2016/05/16 v1.2 Handle bit-vector datatype (HO)
Package: uniquecounter 2016/05/16 v1.3 Provide unlimited unique counter (HO)
)
Package hobsub Info: Skipping package `hobsub' (already loaded).
Package: letltxmacro 2016/05/16 v1.5 Let assignment for LaTeX macros (HO)
Package: hopatch 2016/05/16 v1.3 Wrapper for package hooks (HO)
Package: xcolor-patch 2016/05/16 xcolor patch
Package: atveryend 2016/05/16 v1.9 Hooks at the very end of document (HO)
Package hobsub Info: Skipping package `atbegshi' (already loaded).
Package: refcount 2016/05/16 v3.5 Data extraction from label references (HO)
Package: hycolor 2016/05/16 v1.8 Color options for hyperref/bookmark (HO)
)
(/usr/local/texlive/2018/texmf-dist/tex/latex/oberdiek/auxhook.sty
Package: auxhook 2016/05/16 v1.4 Hooks for auxiliary files (HO)
)
(/usr/local/texlive/2018/texmf-dist/tex/latex/oberdiek/kvoptions.sty
Package: kvoptions 2016/05/16 v3.12 Key value format for package options (HO)
)
\@linkdim=\dimen165
\Hy@linkcounter=\count121
\Hy@pagecounter=\count122

(/usr/local/texlive/2018/texmf-dist/tex/latex/hyperref/pd1enc.def
File: pd1enc.def 2018/02/06 v6.86b Hyperref: PDFDocEncoding definition (HO)
Now handling font encoding PD1 ...
... no UTF-8 mapping file for font encoding PD1
)
\Hy@SavedSpaceFactor=\count123

(/usr/local/texlive/2018/texmf-dist/tex/latex/latexconfig/hyperref.cfg
File: hyperref.cfg 2002/06/06 v1.2 hyperref configuration of TeXLive
)
Package hyperref Info: Option `bookmarks' set `true' on input line 4383.
Package hyperref Info: Option `bookmarksopen' set `true' on input line 4383.
Package hyperref Info: Option `implicit' set `false' on input line 4383.
Package hyperref Info: Hyper figures OFF on input line 4509.
Package hyperref Info: Link nesting OFF on input line 4514.
Package hyperref Info: Hyper index ON on input line 4517.
Package hyperref Info: Plain pages OFF on input line 4524.
Package hyperref Info: Backreferencing OFF on input line 4529.
Package hyperref Info: Implicit mode OFF; no redefinition of LaTeX internals.
Package hyperref Info: Bookmarks ON on input line 4762.
\c@Hy@tempcnt=\count124

(/usr/local/texlive/2018/texmf-dist/tex/latex/url/url.sty
\Urlmuskip=\muskip10
Package: url 2013/09/16  ver 3.4  Verb mode for urls, etc.
)
LaTeX Info: Redefining \url on input line 5115.
\XeTeXLinkMargin=\dimen166
\Fld@menulength=\count125
\Field@Width=\dimen167
\Fld@charsize=\dimen168
Package hyperref Info: Hyper figures OFF on input line 6369.
Package hyperref Info: Link nesting OFF on input line 6374.
Package hyperref Info: Hyper index ON on input line 6377.
Package hyperref Info: backreferencing OFF on input line 6384.
Package hyperref Info: Link coloring OFF on input line 6389.
Package hyperref Info: Link coloring with OCG OFF on input line 6394.
Package hyperref Info: PDF/A mode OFF on input line 6399.
LaTeX Info: Redefining \ref on input line 6439.
LaTeX Info: Redefining \pageref on input line 6443.
\Hy@abspage=\count126


Package hyperref Message: Stopped early.

)
Package hyperref Info: Driver (autodetected): hpdftex.
 (/usr/local/texlive/2018/texmf-dist/tex/latex/hyperref/hpdftex.def
File: hpdftex.def 2018/02/06 v6.86b Hyperref driver for pdfTeX
\Fld@listcount=\count127
\c@bookmark@seq@number=\count128

(/usr/local/texlive/2018/texmf-dist/tex/latex/oberdiek/rerunfilecheck.sty
Package: rerunfilecheck 2016/05/16 v1.8 Rerun checks for auxiliary files (HO)
Package uniquecounter Info: New unique counter `rerunfilecheck' on input line 2
82.
))
(/usr/local/texlive/2018/texmf-dist/tex/latex/beamer/beamerbaserequires.sty
(/usr/local/texlive/2018/texmf-dist/tex/latex/beamer/beamerbasecompatibility.st
y) (/usr/local/texlive/2018/texmf-dist/tex/latex/beamer/beamerbasefont.sty
(/usr/local/texlive/2018/texmf-dist/tex/latex/amsfonts/amssymb.sty
Package: amssymb 2013/01/14 v3.01 AMS font symbols

(/usr/local/texlive/2018/texmf-dist/tex/latex/amsfonts/amsfonts.sty
Package: amsfonts 2013/01/14 v3.01 Basic AMSFonts support
\@emptytoks=\toks28
\symAMSa=\mathgroup4
\symAMSb=\mathgroup5
LaTeX Font Info:    Overwriting math alphabet `\mathfrak' in version `bold'
(Font)                  U/euf/m/n --> U/euf/b/n on input line 106.
)))
(/usr/local/texlive/2018/texmf-dist/tex/latex/beamer/beamerbasetranslator.sty
(/usr/local/texlive/2018/texmf-dist/tex/latex/translator/translator.sty
Package: translator 2018/01/04 v1.12 Easy translation of strings in LaTeX
))
(/usr/local/texlive/2018/texmf-dist/tex/latex/beamer/beamerbasemisc.sty)
(/usr/local/texlive/2018/texmf-dist/tex/latex/beamer/beamerbasetwoscreens.sty)
(/usr/local/texlive/2018/texmf-dist/tex/latex/beamer/beamerbaseoverlay.sty
\beamer@argscount=\count129
\beamer@lastskipcover=\skip47
\beamer@trivlistdepth=\count130
)
(/usr/local/texlive/2018/texmf-dist/tex/latex/beamer/beamerbasetitle.sty)
(/usr/local/texlive/2018/texmf-dist/tex/latex/beamer/beamerbasesection.sty
\c@lecture=\count131
\c@part=\count132
\c@section=\count133
\c@subsection=\count134
\c@subsubsection=\count135
)
(/usr/local/texlive/2018/texmf-dist/tex/latex/beamer/beamerbaseframe.sty
\beamer@framebox=\box42
\beamer@frametitlebox=\box43
\beamer@zoombox=\box44
\beamer@zoomcount=\count136
\beamer@zoomframecount=\count137
\beamer@frametextheight=\dimen169
\c@subsectionslide=\count138
\beamer@frametopskip=\skip48
\beamer@framebottomskip=\skip49
\beamer@frametopskipautobreak=\skip50
\beamer@framebottomskipautobreak=\skip51
\beamer@envbody=\toks29
\framewidth=\dimen170
\c@framenumber=\count139
)
(/usr/local/texlive/2018/texmf-dist/tex/latex/beamer/beamerbaseverbatim.sty
\beamer@verbatimfileout=\write4
)
(/usr/local/texlive/2018/texmf-dist/tex/latex/beamer/beamerbaseframesize.sty
\beamer@splitbox=\box45
\beamer@autobreakcount=\count140
\beamer@autobreaklastheight=\dimen171
\beamer@frametitletoks=\toks30
\beamer@framesubtitletoks=\toks31
)
(/usr/local/texlive/2018/texmf-dist/tex/latex/beamer/beamerbaseframecomponents.
sty
\beamer@footins=\box46
) (/usr/local/texlive/2018/texmf-dist/tex/latex/beamer/beamerbasecolor.sty
\beamer@bg@ht=\dimen172
\beamer@bg@wd=\dimen173
\beamer@bg@dp=\dimen174
)
(/usr/local/texlive/2018/texmf-dist/tex/latex/beamer/beamerbasenotes.sty
\beamer@frameboxcopy=\box47
)
(/usr/local/texlive/2018/texmf-dist/tex/latex/beamer/beamerbasetoc.sty)
(/usr/local/texlive/2018/texmf-dist/tex/latex/beamer/beamerbasetemplates.sty
\beamer@sbttoks=\toks32

(/usr/local/texlive/2018/texmf-dist/tex/latex/beamer/beamerbaseauxtemplates.sty
(/usr/local/texlive/2018/texmf-dist/tex/latex/beamer/beamerbaseboxes.sty
\bmb@box=\box48
\bmb@colorbox=\box49
\bmb@boxshadow=\box50
\bmb@boxshadowball=\box51
\bmb@boxshadowballlarge=\box52
\bmb@temp=\dimen175
\bmb@dima=\dimen176
\bmb@dimb=\dimen177
\bmb@prevheight=\dimen178
)
\beamer@blockheadheight=\dimen179
))
(/usr/local/texlive/2018/texmf-dist/tex/latex/beamer/beamerbaselocalstructure.s
ty (/usr/local/texlive/2018/texmf-dist/tex/latex/tools/enumerate.sty
Package: enumerate 2015/07/23 v3.00 enumerate extensions (DPC)
\@enLab=\toks33
)
\c@figure=\count141
\c@table=\count142
\abovecaptionskip=\skip52
\belowcaptionskip=\skip53
)
(/usr/local/texlive/2018/texmf-dist/tex/latex/beamer/beamerbasenavigation.sty
\beamer@section@min@dim=\dimen180
)
(/usr/local/texlive/2018/texmf-dist/tex/latex/beamer/beamerbasetheorems.sty
(/usr/local/texlive/2018/texmf-dist/tex/latex/amsmath/amsmath.sty
Package: amsmath 2017/09/02 v2.17a AMS math features
\@mathmargin=\skip54

For additional information on amsmath, use the `?' option.
(/usr/local/texlive/2018/texmf-dist/tex/latex/amsmath/amstext.sty
Package: amstext 2000/06/29 v2.01 AMS text

(/usr/local/texlive/2018/texmf-dist/tex/latex/amsmath/amsgen.sty
File: amsgen.sty 1999/11/30 v2.0 generic functions
\@emptytoks=\toks34
\ex@=\dimen181
))
(/usr/local/texlive/2018/texmf-dist/tex/latex/amsmath/amsbsy.sty
Package: amsbsy 1999/11/29 v1.2d Bold Symbols
\pmbraise@=\dimen182
)
(/usr/local/texlive/2018/texmf-dist/tex/latex/amsmath/amsopn.sty
Package: amsopn 2016/03/08 v2.02 operator names
)
\inf@bad=\count143
LaTeX Info: Redefining \frac on input line 213.
\uproot@=\count144
\leftroot@=\count145
LaTeX Info: Redefining \overline on input line 375.
\classnum@=\count146
\DOTSCASE@=\count147
LaTeX Info: Redefining \ldots on input line 472.
LaTeX Info: Redefining \dots on input line 475.
LaTeX Info: Redefining \cdots on input line 596.
\Mathstrutbox@=\box53
\strutbox@=\box54
\big@size=\dimen183
LaTeX Font Info:    Redeclaring font encoding OML on input line 712.
LaTeX Font Info:    Redeclaring font encoding OMS on input line 713.
\macc@depth=\count148
\c@MaxMatrixCols=\count149
\dotsspace@=\muskip11
\c@parentequation=\count150
\dspbrk@lvl=\count151
\tag@help=\toks35
\row@=\count152
\column@=\count153
\maxfields@=\count154
\andhelp@=\toks36
\eqnshift@=\dimen184
\alignsep@=\dimen185
\tagshift@=\dimen186
\tagwidth@=\dimen187
\totwidth@=\dimen188
\lineht@=\dimen189
\@envbody=\toks37
\multlinegap=\skip55
\multlinetaggap=\skip56
\mathdisplay@stack=\toks38
LaTeX Info: Redefining \[ on input line 2817.
LaTeX Info: Redefining \] on input line 2818.
)
(/usr/local/texlive/2018/texmf-dist/tex/latex/amscls/amsthm.sty
Package: amsthm 2017/10/31 v2.20.4
\thm@style=\toks39
\thm@bodyfont=\toks40
\thm@headfont=\toks41
\thm@notefont=\toks42
\thm@headpunct=\toks43
\thm@preskip=\skip57
\thm@postskip=\skip58
\thm@headsep=\skip59
\dth@everypar=\toks44
)
\c@theorem=\count155
)
(/usr/local/texlive/2018/texmf-dist/tex/latex/beamer/beamerbasethemes.sty))
(/usr/local/texlive/2018/texmf-dist/tex/latex/beamer/beamerthemedefault.sty
(/usr/local/texlive/2018/texmf-dist/tex/latex/beamer/beamerfontthemedefault.sty
)
(/usr/local/texlive/2018/texmf-dist/tex/latex/beamer/beamercolorthemedefault.st
y)
(/usr/local/texlive/2018/texmf-dist/tex/latex/beamer/beamerinnerthemedefault.st
y
\beamer@dima=\dimen190
\beamer@dimb=\dimen191
)
(/usr/local/texlive/2018/texmf-dist/tex/latex/beamer/beamerouterthemedefault.st
y)))
(/Users/czv146/Library/texmf/tex/latex/metropolis/beamerthememetropolis.sty
Package: beamerthememetropolis 2017/01/23 v1.2 Metropolis Beamer theme

(/usr/local/texlive/2018/texmf-dist/tex/latex/pgfopts/pgfopts.sty
Package: pgfopts 2014/07/10 v2.1a LaTeX package options with pgfkeys

(/usr/local/texlive/2018/texmf-dist/tex/latex/pgf/utilities/pgfkeys.sty
(/usr/local/texlive/2018/texmf-dist/tex/generic/pgf/utilities/pgfkeys.code.tex)
)
\pgfopts@list@add@a@toks=\toks45
\pgfopts@list@add@b@toks=\toks46
)
(/Users/czv146/Library/texmf/tex/latex/metropolis/beamerinnerthememetropolis.st
y
Package: beamerinnerthememetropolis 2017/01/23 Metropolis inner theme
 (/usr/local/texlive/2018/texmf-dist/tex/latex/tools/calc.sty
Package: calc 2017/05/25 v4.3 Infix arithmetic (KKT,FJ)
\calc@Acount=\count156
\calc@Bcount=\count157
\calc@Adimen=\dimen192
\calc@Bdimen=\dimen193
\calc@Askip=\skip60
\calc@Bskip=\skip61
LaTeX Info: Redefining \setlength on input line 80.
LaTeX Info: Redefining \addtolength on input line 81.
\calc@Ccount=\count158
\calc@Cskip=\skip62
)
(/usr/local/texlive/2018/texmf-dist/tex/latex/pgf/frontendlayer/tikz.sty
(/usr/local/texlive/2018/texmf-dist/tex/latex/pgf/basiclayer/pgf.sty
Package: pgf 2015/08/07 v3.0.1a (rcs-revision 1.15)

(/usr/local/texlive/2018/texmf-dist/tex/generic/pgf/modules/pgfmoduleshapes.cod
e.tex
File: pgfmoduleshapes.code.tex 2014/03/21  (rcs-revision 1.35)
\pgfnodeparttextbox=\box55
)
(/usr/local/texlive/2018/texmf-dist/tex/generic/pgf/modules/pgfmoduleplot.code.
tex
File: pgfmoduleplot.code.tex 2015/08/03  (rcs-revision 1.13)
)
(/usr/local/texlive/2018/texmf-dist/tex/latex/pgf/compatibility/pgfcomp-version
-0-65.sty
Package: pgfcomp-version-0-65 2007/07/03 v3.0.1a (rcs-revision 1.7)
\pgf@nodesepstart=\dimen194
\pgf@nodesepend=\dimen195
)
(/usr/local/texlive/2018/texmf-dist/tex/latex/pgf/compatibility/pgfcomp-version
-1-18.sty
Package: pgfcomp-version-1-18 2007/07/23 v3.0.1a (rcs-revision 1.1)
))
(/usr/local/texlive/2018/texmf-dist/tex/latex/pgf/utilities/pgffor.sty
(/usr/local/texlive/2018/texmf-dist/tex/latex/pgf/math/pgfmath.sty
(/usr/local/texlive/2018/texmf-dist/tex/generic/pgf/math/pgfmath.code.tex))
(/usr/local/texlive/2018/texmf-dist/tex/generic/pgf/utilities/pgffor.code.tex
Package: pgffor 2013/12/13 v3.0.1a (rcs-revision 1.25)

(/usr/local/texlive/2018/texmf-dist/tex/generic/pgf/math/pgfmath.code.tex)
\pgffor@iter=\dimen196
\pgffor@skip=\dimen197
\pgffor@stack=\toks47
\pgffor@toks=\toks48
))
(/usr/local/texlive/2018/texmf-dist/tex/generic/pgf/frontendlayer/tikz/tikz.cod
e.tex
Package: tikz 2015/08/07 v3.0.1a (rcs-revision 1.151)

(/usr/local/texlive/2018/texmf-dist/tex/generic/pgf/libraries/pgflibraryplothan
dlers.code.tex
File: pgflibraryplothandlers.code.tex 2013/08/31 v3.0.1a (rcs-revision 1.20)
\pgf@plot@mark@count=\count159
\pgfplotmarksize=\dimen198
)
\tikz@lastx=\dimen199
\tikz@lasty=\dimen256
\tikz@lastxsaved=\dimen257
\tikz@lastysaved=\dimen258
\tikzleveldistance=\dimen259
\tikzsiblingdistance=\dimen260
\tikz@figbox=\box56
\tikz@figbox@bg=\box57
\tikz@tempbox=\box58
\tikz@tempbox@bg=\box59
\tikztreelevel=\count160
\tikznumberofchildren=\count161
\tikznumberofcurrentchild=\count162
\tikz@fig@count=\count163

(/usr/local/texlive/2018/texmf-dist/tex/generic/pgf/modules/pgfmodulematrix.cod
e.tex
File: pgfmodulematrix.code.tex 2013/09/17  (rcs-revision 1.8)
\pgfmatrixcurrentrow=\count164
\pgfmatrixcurrentcolumn=\count165
\pgf@matrix@numberofcolumns=\count166
)
\tikz@expandcount=\count167

(/usr/local/texlive/2018/texmf-dist/tex/generic/pgf/frontendlayer/tikz/librarie
s/tikzlibrarytopaths.code.tex
File: tikzlibrarytopaths.code.tex 2008/06/17 v3.0.1a (rcs-revision 1.2)
)))
\metropolis@titleseparator@linewidth=\skip63
\metropolis@progressonsectionpage=\skip64
\metropolis@progressonsectionpage@linewidth=\skip65
\metropolis@blocksep=\skip66
\metropolis@blockadjust=\skip67
\metropolis@parskip=\skip68
)
(/Users/czv146/Library/texmf/tex/latex/metropolis/beamerouterthememetropolis.st
y
Package: beamerouterthememetropolis 2017/01/23 Metropolis outer theme
\metropolis@frametitle@padding=\skip69
\metropolis@progressinheadfoot=\skip70
\metropolis@progressinheadfoot@linewidth=\skip71
)
(/Users/czv146/Library/texmf/tex/latex/metropolis/beamercolorthememetropolis.st
y
Package: beamercolorthememetropolis 2017/01/23 Metropolis color theme
)
(/Users/czv146/Library/texmf/tex/latex/metropolis/beamerfontthememetropolis.sty
Package: beamerfontthememetropolis 2017/01/23 Metropolis font theme

Package beamerthememetropolis Warning: You need to compile with XeLaTeX or LuaL
aTeX to use the Fira fonts on input line 95.

)) (/usr/local/texlive/2018/texmf-dist/tex/latex/base/inputenc.sty
Package: inputenc 2018/04/06 v1.3b Input encoding file
\inpenc@prehook=\toks49
\inpenc@posthook=\toks50
)
(/usr/local/texlive/2018/texmf-dist/tex/generic/babel/babel.sty
Package: babel 2018/02/14 3.18 The Babel package

(/usr/local/texlive/2018/texmf-dist/tex/generic/babel/switch.def
File: switch.def 2018/02/14 3.18 Babel switching mechanism
)
(/usr/local/texlive/2018/texmf-dist/tex/generic/babel-english/english.ldf
Language: english 2017/06/06 v3.3r English support from the babel system

(/usr/local/texlive/2018/texmf-dist/tex/generic/babel/babel.def
File: babel.def 2018/02/14 3.18 Babel common definitions
\babel@savecnt=\count168
\U@D=\dimen261

(/usr/local/texlive/2018/texmf-dist/tex/generic/babel/txtbabel.def)
LaTeX Info: Redefining \textlatin on input line 1839.
\bbl@dirlevel=\count169
)
\l@canadian = a dialect from \language\l@american 
\l@australian = a dialect from \language\l@british 
\l@newzealand = a dialect from \language\l@british 
))
(/usr/local/texlive/2018/texmf-dist/tex/latex/fancyvrb/fancyvrb.sty
Package: fancyvrb 2008/02/07

Style option: `fancyvrb' v2.7a, with DG/SPQR fixes, and firstline=lastline fix 
<2008/02/07> (tvz)
\FV@CodeLineNo=\count170
\FV@InFile=\read2
\FV@TabBox=\box60
\c@FancyVerbLine=\count171
\FV@StepNumber=\count172
\FV@OutFile=\write5
)
(/usr/local/texlive/2018/texmf-dist/tex/latex/tikzsymbols/tikzsymbols.sty
(/usr/local/texlive/2018/texmf-dist/tex/latex/l3packages/xparse/xparse.sty
(/usr/local/texlive/2018/texmf-dist/tex/latex/l3kernel/expl3.sty
Package: expl3 2018/03/05 L3 programming layer (loader) 

(/usr/local/texlive/2018/texmf-dist/tex/latex/l3kernel/expl3-code.tex
Package: expl3 2018/03/05 L3 programming layer (code)
\c_max_int=\count173
\l_tmpa_int=\count174
\l_tmpb_int=\count175
\g_tmpa_int=\count176
\g_tmpb_int=\count177
\g__intarray_font_int=\count178
\g__prg_map_int=\count179
\c_log_iow=\count180
\l_iow_line_count_int=\count181
\l__iow_line_target_int=\count182
\l__iow_one_indent_int=\count183
\l__iow_indent_int=\count184
\c_zero_dim=\dimen262
\c_max_dim=\dimen263
\l_tmpa_dim=\dimen264
\l_tmpb_dim=\dimen265
\g_tmpa_dim=\dimen266
\g_tmpb_dim=\dimen267
\c_zero_skip=\skip72
\c_max_skip=\skip73
\l_tmpa_skip=\skip74
\l_tmpb_skip=\skip75
\g_tmpa_skip=\skip76
\g_tmpb_skip=\skip77
\c_zero_muskip=\muskip12
\c_max_muskip=\muskip13
\l_tmpa_muskip=\muskip14
\l_tmpb_muskip=\muskip15
\g_tmpa_muskip=\muskip16
\g_tmpb_muskip=\muskip17
\l_keys_choice_int=\count185
\c__fp_leading_shift_int=\count186
\c__fp_middle_shift_int=\count187
\c__fp_trailing_shift_int=\count188
\c__fp_big_leading_shift_int=\count189
\c__fp_big_middle_shift_int=\count190
\c__fp_big_trailing_shift_int=\count191
\c__fp_Bigg_leading_shift_int=\count192
\c__fp_Bigg_middle_shift_int=\count193
\c__fp_Bigg_trailing_shift_int=\count194
\c__fp_rand_size_int=\count195
\c__fp_rand_four_int=\count196
\c__fp_rand_eight_int=\count197
\l__sort_length_int=\count198
\l__sort_min_int=\count199
\l__sort_top_int=\count266
\l__sort_max_int=\count267
\l__sort_true_max_int=\count268
\l__sort_block_int=\count269
\l__sort_begin_int=\count270
\l__sort_end_int=\count271
\l__sort_A_int=\count272
\l__sort_B_int=\count273
\l__sort_C_int=\count274
\l__tl_build_start_index_int=\count275
\l__tl_build_index_int=\count276
\l__tl_analysis_normal_int=\count277
\l__tl_analysis_index_int=\count278
\l__tl_analysis_nesting_int=\count279
\l__tl_analysis_type_int=\count280
\l__regex_internal_a_int=\count281
\l__regex_internal_b_int=\count282
\l__regex_internal_c_int=\count283
\l__regex_balance_int=\count284
\l__regex_group_level_int=\count285
\l__regex_mode_int=\count286
\c__regex_cs_in_class_mode_int=\count287
\c__regex_cs_mode_int=\count288
\l__regex_catcodes_int=\count289
\l__regex_default_catcodes_int=\count290
\c__regex_catcode_D_int=\count291
\c__regex_catcode_S_int=\count292
\c__regex_catcode_L_int=\count293
\c__regex_catcode_O_int=\count294
\c__regex_catcode_A_int=\count295
\c__regex_all_catcodes_int=\count296
\l__regex_show_lines_int=\count297
\l__regex_min_state_int=\count298
\l__regex_max_state_int=\count299
\l__regex_left_state_int=\count300
\l__regex_right_state_int=\count301
\l__regex_capturing_group_int=\count302
\l__regex_min_pos_int=\count303
\l__regex_max_pos_int=\count304
\l__regex_curr_pos_int=\count305
\l__regex_start_pos_int=\count306
\l__regex_success_pos_int=\count307
\l__regex_curr_char_int=\count308
\l__regex_curr_catcode_int=\count309
\l__regex_last_char_int=\count310
\l__regex_case_changed_char_int=\count311
\l__regex_curr_state_int=\count312
\l__regex_step_int=\count313
\l__regex_min_active_int=\count314
\l__regex_max_active_int=\count315
\l__regex_replacement_csnames_int=\count316
\l__regex_match_count_int=\count317
\l__regex_min_submatch_int=\count318
\l__regex_submatch_int=\count319
\l__regex_zeroth_submatch_int=\count320
\g__regex_trace_regex_int=\count321
\c_empty_box=\box61
\l_tmpa_box=\box62
\l_tmpb_box=\box63
\g_tmpa_box=\box64
\g_tmpb_box=\box65
\l__box_top_dim=\dimen268
\l__box_bottom_dim=\dimen269
\l__box_left_dim=\dimen270
\l__box_right_dim=\dimen271
\l__box_top_new_dim=\dimen272
\l__box_bottom_new_dim=\dimen273
\l__box_left_new_dim=\dimen274
\l__box_right_new_dim=\dimen275
\l__box_internal_box=\box66
\l__coffin_internal_box=\box67
\l__coffin_internal_dim=\dimen276
\l__coffin_offset_x_dim=\dimen277
\l__coffin_offset_y_dim=\dimen278
\l__coffin_x_dim=\dimen279
\l__coffin_y_dim=\dimen280
\l__coffin_x_prime_dim=\dimen281
\l__coffin_y_prime_dim=\dimen282
\c_empty_coffin=\box68
\l__coffin_aligned_coffin=\box69
\l__coffin_aligned_internal_coffin=\box70
\l_tmpa_coffin=\box71
\l_tmpb_coffin=\box72
\l__coffin_display_coffin=\box73
\l__coffin_display_coord_coffin=\box74
\l__coffin_display_pole_coffin=\box75
\l__coffin_display_offset_dim=\dimen283
\l__coffin_display_x_dim=\dimen284
\l__coffin_display_y_dim=\dimen285
\l__coffin_bounding_shift_dim=\dimen286
\l__coffin_left_corner_dim=\dimen287
\l__coffin_right_corner_dim=\dimen288
\l__coffin_bottom_corner_dim=\dimen289
\l__coffin_top_corner_dim=\dimen290
\l__coffin_scaled_total_height_dim=\dimen291
\l__coffin_scaled_width_dim=\dimen292
)
(/usr/local/texlive/2018/texmf-dist/tex/latex/l3kernel/l3pdfmode.def
File: l3pdfmode.def 2017/03/18 v L3 Experimental driver: PDF mode
\l__driver_color_stack_int=\count322
))
Package: xparse 2018/02/21 L3 Experimental document command parser
\l__xparse_current_arg_int=\count323
\g__xparse_grabber_int=\count324
\l__xparse_m_args_int=\count325
\l__xparse_mandatory_args_int=\count326
\l__xparse_v_nesting_int=\count327
)
Package: tikzsymbols 2017/09/05 v4.07 Some symbols created using tikz and LaTeX
3.

(/usr/local/texlive/2018/texmf-dist/tex/latex/tools/xspace.sty
Package: xspace 2014/10/28 v1.13 Space after command names (DPC,MH)
)
(/usr/local/texlive/2018/texmf-dist/tex/latex/l3packages/l3keys2e/l3keys2e.sty
Package: l3keys2e 2018/02/21 LaTeX2e option processing using LaTeX3 keys
)
(/usr/local/texlive/2018/texmf-dist/tex/generic/pgf/frontendlayer/tikz/librarie
s/tikzlibraryarrows.code.tex
File: tikzlibraryarrows.code.tex 2008/01/09 v3.0.1a (rcs-revision 1.1)

(/usr/local/texlive/2018/texmf-dist/tex/generic/pgf/libraries/pgflibraryarrows.
code.tex
File: pgflibraryarrows.code.tex 2013/09/23 v3.0.1a (rcs-revision 1.16)
\arrowsize=\dimen293
))
(/usr/local/texlive/2018/texmf-dist/tex/generic/pgf/frontendlayer/tikz/librarie
s/tikzlibrarydecorations.pathmorphing.code.tex
(/usr/local/texlive/2018/texmf-dist/tex/generic/pgf/frontendlayer/tikz/librarie
s/tikzlibrarydecorations.code.tex
(/usr/local/texlive/2018/texmf-dist/tex/generic/pgf/modules/pgfmoduledecoration
s.code.tex
\pgfdecoratedcompleteddistance=\dimen294
\pgfdecoratedremainingdistance=\dimen295
\pgfdecoratedinputsegmentcompleteddistance=\dimen296
\pgfdecoratedinputsegmentremainingdistance=\dimen297
\pgf@decorate@distancetomove=\dimen298
\pgf@decorate@repeatstate=\count328
\pgfdecorationsegmentamplitude=\dimen299
\pgfdecorationsegmentlength=\dimen300
)
\tikz@lib@dec@box=\box76
)
(/usr/local/texlive/2018/texmf-dist/tex/generic/pgf/libraries/decorations/pgfli
brarydecorations.pathmorphing.code.tex))
(/usr/local/texlive/2018/texmf-dist/tex/generic/pgf/frontendlayer/tikz/librarie
s/tikzlibrarytrees.code.tex
File: tikzlibrarytrees.code.tex 2008/02/24 v3.0.1a (rcs-revision 1.2)
)
\l__tikzsymbols_Moai_thickness_dim=\dimen301
.................................................
. LaTeX info: "xparse/define-command"
. 
. Defining command \Kochtopf with sig. '>{\__tikzsymbols_scale_if_empty:nTn
. {Kochtopf}{1}}O{1}' on line 557.
.................................................
.................................................
. LaTeX info: "xparse/define-command"
. 
. Defining command \Bratpfanne with sig. '>{\__tikzsymbols_scale_if_empty:nTn
. {Bratpfanne}{1}}O{1}' on line 590.
.................................................
.................................................
. LaTeX info: "xparse/define-command"
. 
. Defining command \Schneebesen with sig. '>{\__tikzsymbols_scale_if_empty:nTn
. {Schneebesen}{1}}O{1}' on line 619.
.................................................
.................................................
. LaTeX info: "xparse/define-command"
. 
. Defining command \Sieb with sig. '>{\__tikzsymbols_scale_if_empty:nTn
. {Sieb}{1}}O{1}' on line 648.
.................................................
.................................................
. LaTeX info: "xparse/define-command"
. 
. Defining command \Purierstab with sig. '>{\__tikzsymbols_scale_if_empty:nTn
. {Purierstab}{1}}O{1}' on line 673.
.................................................
.................................................
. LaTeX info: "xparse/define-command"
. 
. Defining command \Dreizack with sig. '>{\__tikzsymbols_scale_if_empty:nTn
. {Dreizack}{1}}O{1}' on line 698.
.................................................
.................................................
. LaTeX info: "xparse/define-command"
. 
. Defining command \Backblech with sig. '>{\__tikzsymbols_scale_if_empty:nTn
. {Backblech}{1}}O{1}' on line 725.
.................................................
.................................................
. LaTeX info: "xparse/define-command"
. 
. Defining command \Ofen with sig. '>{\__tikzsymbols_scale_if_empty:nTn
. {Ofen}{1}}O{1}' on line 751.
.................................................
.................................................
. LaTeX info: "xparse/define-command"
. 
. Defining command \Pfanne with sig. '>{\__tikzsymbols_scale_if_empty:nTn
. {Pfanne}{1}}O{1}' on line 785.
.................................................
.................................................
. LaTeX info: "xparse/define-command"
. 
. Defining command \Herd with sig. '>{\__tikzsymbols_scale_if_empty:nTn
. {Herd}{1}}O{1}' on line 811.
.................................................
.................................................
. LaTeX info: "xparse/define-command"
. 
. Defining command \Saftpresse with sig. '>{\__tikzsymbols_scale_if_empty:nTn
. {Saftpresse}{1}}O{1}' on line 846.
.................................................
.................................................
. LaTeX info: "xparse/define-command"
. 
. Defining command \Schussel with sig. '>{\__tikzsymbols_scale_if_empty:nTn
. {Schussel}{1}}O{1}' on line 870.
.................................................
.................................................
. LaTeX info: "xparse/define-command"
. 
. Defining command \Schaler with sig. '>{\__tikzsymbols_scale_if_empty:nTn
. {Schaler}{1}}O{1}' on line 895.
.................................................
.................................................
. LaTeX info: "xparse/define-command"
. 
. Defining command \Reibe with sig. '>{\__tikzsymbols_scale_if_empty:nTn
. {Reibe}{1}}O{1}' on line 920.
.................................................
.................................................
. LaTeX info: "xparse/define-command"
. 
. Defining command \Flasche with sig. '>{\__tikzsymbols_scale_if_empty:nTn
. {Flasche}{1}}O{1}' on line 944.
.................................................
.................................................
. LaTeX info: "xparse/define-command"
. 
. Defining command \Nudelholz with sig. '>{\__tikzsymbols_scale_if_empty:nTn
. {Nudelholz}{1}}O{1}' on line 974.
.................................................
.................................................
. LaTeX info: "xparse/define-command"
. 
. Defining command \Sadey with sig. '>{\__tikzsymbols_scale_if_empty:nTn
. {Sadey}{1}}O{1}>{\__tikzsymbols_if_empty:Tn {none}}O{none}' on line 996.
.................................................
.................................................
. LaTeX info: "xparse/define-command"
. 
. Defining command \dSadey with sig. '>{\__tikzsymbols_scale_if_empty:nTn
. {dSadey}{1}}O{1}>{\__tikzsymbols_if_empty:Tn {yellow}}O{yellow}' on line
. 1018.
.................................................
.................................................
. LaTeX info: "xparse/define-command"
. 
. Defining command \Changey with sig. '>{\__tikzsymbols_scale_if_empty:nTn
. {Changey}{1}}O{1}>{\__tikzsymbols_if_empty:Tn {white}}O{white}m' on line
. 1048.
.................................................
.................................................
. LaTeX info: "xparse/define-command"
. 
. Defining command \dChangey with sig. '>{\__tikzsymbols_scale_if_empty:nTn
. {dChangey}{1}}O{1}>{\__tikzsymbols_if_empty:Tn {yellow}}O{yellow}m' on line
. 1078.
.................................................
.................................................
. LaTeX info: "xparse/define-command"
. 
. Defining command \cChangey with sig. '>{\__tikzsymbols_scale_if_empty:nTn
. {cChangey}{1}}O{1}>{\__tikzsymbols_if_empty:Tn
. {red}}O{red}>{\__tikzsymbols_if_empty:Tn
. {yellow}}O{yellow}>{\__tikzsymbols_if_empty:Tn {green}}O{green}m' on line
. 1132.
.................................................
.................................................
. LaTeX info: "xparse/define-command"
. 
. Defining command \dcChangey with sig. '>{\__tikzsymbols_scale_if_empty:nTn
. {dcChangey}{1}}O{1}>{\__tikzsymbols_if_empty:Tn
. {red}}O{red}>{\__tikzsymbols_if_empty:Tn
. {yellow}}O{yellow}>{\__tikzsymbols_if_empty:Tn {green}}O{green}m' on line
. 1186.
.................................................
.................................................
. LaTeX info: "xparse/define-command"
. 
. Defining command \Annoey with sig. '>{\__tikzsymbols_scale_if_empty:nTn
. {Annoey}{1}}O{1}>{\__tikzsymbols_if_empty:Tn {none}}O{none}' on line 1208.
.................................................
.................................................
. LaTeX info: "xparse/define-command"
. 
. Defining command \dAnnoey with sig. '>{\__tikzsymbols_scale_if_empty:nTn
. {dAnnoey}{1}}O{1}>{\__tikzsymbols_if_empty:Tn {yellow}}O{yellow}' on line
. 1230.
.................................................
.................................................
. LaTeX info: "xparse/define-command"
. 
. Defining command \Smiley with sig. '>{\__tikzsymbols_scale_if_empty:nTn
. {Smiley}{1}}O{1}>{\__tikzsymbols_if_empty:Tn {none}}O{none}' on line 1255.
.................................................
.................................................
. LaTeX info: "xparse/define-command"
. 
. Defining command \dSmiley with sig. '>{\__tikzsymbols_scale_if_empty:nTn
. {dSmiley}{1}}O{1}>{\__tikzsymbols_if_empty:Tn {yellow}}O{yellow}' on line
. 1277.
.................................................
.................................................
. LaTeX info: "xparse/define-command"
. 
. Defining command \Laughey with sig. '>{\__tikzsymbols_scale_if_empty:nTn
. {Laughey}{1}}O{1}>{\__tikzsymbols_if_empty:Tn
. {none}}O{none}>{\__tikzsymbols_if_empty:Tn {none}}O{none}' on line 1301.
.................................................
.................................................
. LaTeX info: "xparse/define-command"
. 
. Defining command \dLaughey with sig. '>{\__tikzsymbols_scale_if_empty:nTn
. {dLaughey}{1}}O{1}>{\__tikzsymbols_if_empty:Tn
. {yellow}}O{yellow}>{\__tikzsymbols_if_empty:Tn {red}}O{red}' on line 1329.
.................................................
.................................................
. LaTeX info: "xparse/define-command"
. 
. Defining command \Neutrey with sig. '>{\__tikzsymbols_scale_if_empty:nTn
. {Neutrey}{1}}O{1}>{\__tikzsymbols_if_empty:Tn {none}}O{none}' on line 1351.
.................................................
.................................................
. LaTeX info: "xparse/define-command"
. 
. Defining command \dNeutrey with sig. '>{\__tikzsymbols_scale_if_empty:nTn
. {dNeutrey}{1}}O{1}>{\__tikzsymbols_if_empty:Tn {yellow}}O{yellow}' on line
. 1373.
.................................................
.................................................
. LaTeX info: "xparse/define-command"
. 
. Defining command \Winkey with sig. '>{\__tikzsymbols_scale_if_empty:nTn
. {Winkey}{1}}O{1}>{\__tikzsymbols_if_empty:Tn {none}}O{none}' on line 1395.
.................................................
.................................................
. LaTeX info: "xparse/define-command"
. 
. Defining command \oldWinkey with sig. '>{\__tikzsymbols_scale_if_empty:nTn
. {oldWinkey}{1}}O{1}>{\__tikzsymbols_if_empty:Tn {none}}O{none}' on line
. 1417.
.................................................
.................................................
. LaTeX info: "xparse/define-command"
. 
. Defining command \dWinkey with sig. '>{\__tikzsymbols_scale_if_empty:nTn
. {dWinkey}{1}}O{1}>{\__tikzsymbols_if_empty:Tn {yellow}}O{yellow}' on line
. 1439.
.................................................
.................................................
. LaTeX info: "xparse/define-command"
. 
. Defining command \olddWinkey with sig. '>{\__tikzsymbols_scale_if_empty:nTn
. {olddWinkey}{1}}O{1}>{\__tikzsymbols_if_empty:Tn {yellow}}O{yellow}' on line
. 1461.
.................................................
.................................................
. LaTeX info: "xparse/define-command"
. 
. Defining command \Sey with sig. '>{\__tikzsymbols_scale_if_empty:nTn
. {Sey}{1}}O{1}>{\__tikzsymbols_if_empty:Tn {none}}O{none}' on line 1483.
.................................................
.................................................
. LaTeX info: "xparse/define-command"
. 
. Defining command \dSey with sig. '>{\__tikzsymbols_scale_if_empty:nTn
. {dSey}{1}}O{1}>{\__tikzsymbols_if_empty:Tn {yellow}}O{yellow}' on line 1505.
.................................................
.................................................
. LaTeX info: "xparse/define-command"
. 
. Defining command \Xey with sig. '>{\__tikzsymbols_scale_if_empty:nTn
. {Xey}{1}}O{1}>{\__tikzsymbols_if_empty:Tn {none}}O{none}' on line 1527.
.................................................
.................................................
. LaTeX info: "xparse/define-command"
. 
. Defining command \dXey with sig. '>{\__tikzsymbols_scale_if_empty:nTn
. {dXey}{1}}O{1}>{\__tikzsymbols_if_empty:Tn {yellow}}O{yellow}' on line 1551.
.................................................
.................................................
. LaTeX info: "xparse/define-command"
. 
. Defining command \Innocey with sig. '>{\__tikzsymbols_scale_if_empty:nTn
. {Innocey}{1}}O{1}>{\__tikzsymbols_if_empty:Tn
. {none}}O{none}>{\__tikzsymbols_if_empty:Tn {yellow}}O{yellow}' on line 1584.
.................................................
.................................................
. LaTeX info: "xparse/define-command"
. 
. Defining command \wInnocey with sig. '>{\__tikzsymbols_scale_if_empty:nTn
. {wInnocey}{1}}O{1}' on line 1591.
.................................................
.................................................
. LaTeX info: "xparse/define-command"
. 
. Defining command \dInnocey with sig. '>{\__tikzsymbols_scale_if_empty:nTn
. {dInnocey}{1}}O{1}>{\__tikzsymbols_if_empty:Tn
. {yellow}}O{yellow}>{\__tikzsymbols_if_empty:Tn {yellow}}O{yellow}' on line
. 1622.
.................................................
.................................................
. LaTeX info: "xparse/define-command"
. 
. Defining command \Cooley with sig. '>{\__tikzsymbols_scale_if_empty:nTn
. {Cooley}{1}}O{1}>{\__tikzsymbols_if_empty:Tn {none}}O{none}' on line 1648.
.................................................
.................................................
. LaTeX info: "xparse/define-command"
. 
. Defining command \dCooley with sig. '>{\__tikzsymbols_scale_if_empty:nTn
. {dCooley}{1}}O{1}>{\__tikzsymbols_if_empty:Tn {yellow}}O{yellow}' on line
. 1674.
.................................................
.................................................
. LaTeX info: "xparse/define-command"
. 
. Defining command \Tongey with sig. '>{\__tikzsymbols_scale_if_empty:nTn
. {Tongey}{1}}O{1}>{\__tikzsymbols_if_empty:Tn
. {none}}O{none}>{\__tikzsymbols_if_empty:Tn {none}}O{none}' on line 1703.
.................................................
.................................................
. LaTeX info: "xparse/define-command"
. 
. Defining command \dTongey with sig. '>{\__tikzsymbols_scale_if_empty:nTn
. {dTongey}{1}}O{1}>{\__tikzsymbols_if_empty:Tn
. {yellow}}O{yellow}>{\__tikzsymbols_if_empty:Tn {red}}O{red}' on line 1732.
.................................................
.................................................
. LaTeX info: "xparse/define-command"
. 
. Defining command \Nursey with sig. '>{\__tikzsymbols_scale_if_empty:nTn
. {Nursey}{1}}O{1}>{\__tikzsymbols_if_empty:Tn
. {none}}O{none}>{\__tikzsymbols_if_empty:Tn
. {none}}O{none}>{\__tikzsymbols_if_empty:Tn {}}O{}' on line 1763.
.................................................
.................................................
. LaTeX info: "xparse/define-command"
. 
. Defining command \dNursey with sig. '>{\__tikzsymbols_scale_if_empty:nTn
. {dNursey}{1}}O{1}>{\__tikzsymbols_if_empty:Tn
. {yellow}}O{yellow}>{\__tikzsymbols_if_empty:Tn
. {white}}O{white}>{\__tikzsymbols_if_empty:Tn {red}}O{red}' on line 1799.
.................................................
.................................................
. LaTeX info: "xparse/define-command"
. 
. Defining command \Vomey with sig. '>{\__tikzsymbols_scale_if_empty:nTn
. {Vomey}{1}}O{1}>{\__tikzsymbols_if_empty:Tn
. {none}}O{none}>{\__tikzsymbols_if_empty:Tn {opacity=0}}O{opacity=0}' on line
. 1836.
.................................................
.................................................
. LaTeX info: "xparse/define-command"
. 
. Defining command \dVomey with sig. '>{\__tikzsymbols_scale_if_empty:nTn
. {dVomey}{1}}O{1}>{\__tikzsymbols_if_empty:Tn
. {yellow}}O{yellow}>{\__tikzsymbols_if_empty:Tn
. {brown!10!olive}}O{brown!10!olive}' on line 1875.
.................................................
.................................................
. LaTeX info: "xparse/define-command"
. 
. Defining command \Walley with sig. '>{\__tikzsymbols_scale_if_empty:nTn
. {Walley}{1}}O{1}>{\__tikzsymbols_if_empty:Tn
. {none}}O{none}>{\__tikzsymbols_if_empty:Tn {none}}O{none}' on line 1916.
.................................................
.................................................
. LaTeX info: "xparse/define-command"
. 
. Defining command \rWalley with sig. '>{\__tikzsymbols_scale_if_empty:nTn
. {rWalley}{1}}O{1}>{\__tikzsymbols_if_empty:Tn
. {none}}O{none}>{\__tikzsymbols_if_empty:Tn {none}}O{none}' on line 1949.
.................................................
.................................................
. LaTeX info: "xparse/define-command"
. 
. Defining command \dWalley with sig. '>{\__tikzsymbols_scale_if_empty:nTn
. {dWalley}{1}}O{1}>{\__tikzsymbols_if_empty:Tn {yellow}}O{yellow}' on line
. 1986.
.................................................
.................................................
. LaTeX info: "xparse/define-command"
. 
. Defining command \drWalley with sig. '>{\__tikzsymbols_scale_if_empty:nTn
. {drWalley}{1}}O{1}>{\__tikzsymbols_if_empty:Tn {yellow}}O{yellow}' on line
. 2019.
.................................................
.................................................
. LaTeX info: "xparse/define-command"
. 
. Defining command \Cat with sig. '>{\__tikzsymbols_scale_if_empty:nTn
. {Cat}{1}}O{1}' on line 2125.
.................................................
.................................................
. LaTeX info: "xparse/define-command"
. 
. Defining command \SchrodingersCat with sig.
. '>{\__tikzsymbols_scale_if_empty:nTn {SchrodingersCat}{1}}O{1}m' on line
. 2152.
.................................................
.................................................
. LaTeX info: "xparse/define-command"
. 
. Defining command \Ninja with sig. '>{\__tikzsymbols_scale_if_empty:nTn
. {Ninja}{1}}O{1}>{\__tikzsymbols_if_empty:Tn
. {black}}O{black}>{\__tikzsymbols_if_empty:Tn
. {red}}O{red}>{\__tikzsymbols_if_empty:Tn {white}}O{white}' on line 2207.
.................................................
.................................................
. LaTeX info: "xparse/define-command"
. 
. Defining command \dNinja with sig. '>{\__tikzsymbols_scale_if_empty:nTn
. {dNinja}{1}}O{1}>{\__tikzsymbols_if_empty:Tn
. {black}}O{black}>{\__tikzsymbols_if_empty:Tn
. {red}}O{red}>{\__tikzsymbols_if_empty:Tn {white}}O{white}' on line 2259.
.................................................
.................................................
. LaTeX info: "xparse/define-command"
. 
. Defining command \Sleepey with sig. '>{\__tikzsymbols_scale_if_empty:nTn
. {Sleepey}{1}}O{1}>{\__tikzsymbols_if_empty:Tn
. {none}}O{none}>{\__tikzsymbols_if_empty:Tn
. {none}}O{none}>{\__tikzsymbols_if_empty:Tn {black}}O{black}' on line 2308.
.................................................
.................................................
. LaTeX info: "xparse/define-command"
. 
. Defining command \dSleepey with sig. '>{\__tikzsymbols_scale_if_empty:nTn
. {dSleepey}{1}}O{1}>{\__tikzsymbols_if_empty:Tn
. {yellow}}O{yellow}>{\__tikzsymbols_if_empty:Tn
. {blue}}O{blue}>{\__tikzsymbols_if_empty:Tn {black}}O{black}' on line 2357.
.................................................
.................................................
. LaTeX info: "xparse/define-command"
. 
. Defining command \NiceReapey with sig. '>{\__tikzsymbols_scale_if_empty:nTn
. {NiceReapey}{1}}O{1}>{\__tikzsymbols_if_empty:Tn
. {black!20!white}}O{black!20!white}' on line 2391.
.................................................
.................................................
. LaTeX info: "xparse/define-command"
. 
. Defining command \Strichmaxerl with sig.
. '>{\__tikzsymbols_scale_if_empty:nTn
. {Strichmaxerl}{1}}O{1}>{\__tikzsymbols_if_empty:Tn
. {-22}}O{-22}>{\__tikzsymbols_if_empty:Tn
. {22}}O{22}>{\__tikzsymbols_if_empty:Tn
. {27}}O{27}>{\__tikzsymbols_if_empty:Tn {-27}}O{-27}' on line 2487.
.................................................
.................................................
. LaTeX info: "xparse/define-command"
. 
. Defining command \Person with sig. '>{\__tikzsymbols_scale_if_empty:nTn
. {Person}{1}}O{1}>{\__tikzsymbols_if_empty:Tn
. {-22}}O{-22}>{\__tikzsymbols_if_empty:Tn
. {22}}O{22}>{\__tikzsymbols_if_empty:Tn
. {27}}O{27}>{\__tikzsymbols_if_empty:Tn {-27}}O{-27}' on line 2496.
.................................................
.................................................
. LaTeX info: "xparse/define-command"
. 
. Defining command \Candle with sig. '>{\__tikzsymbols_scale_if_empty:nTn
. {Candle}{1}}O{1}' on line 2522.
.................................................
.................................................
. LaTeX info: "xparse/define-command"
. 
. Defining command \Fire with sig. '>{\__tikzsymbols_scale_if_empty:nTn
. {Fire}{1}}O{1}' on line 2567.
.................................................
.................................................
. LaTeX info: "xparse/define-command"
. 
. Defining command \Coffeecup with sig. '>{\__tikzsymbols_scale_if_empty:nTn
. {Coffeecup}{1}}O{1}' on line 2602.
.................................................
.................................................
. LaTeX info: "xparse/define-command"
. 
. Defining command \Chair with sig. '>{\__tikzsymbols_scale_if_empty:nTn
. {Chair}{1}}O{1}' on line 2631.
.................................................
.................................................
. LaTeX info: "xparse/define-command"
. 
. Defining command \Bed with sig. '>{\__tikzsymbols_scale_if_empty:nTn
. {Bed}{1}}O{1}' on line 2657.
.................................................
.................................................
. LaTeX info: "xparse/define-command"
. 
. Defining command \Tribar with sig. '>{\__tikzsymbols_scale_if_empty:nTn
. {Tribar}{1}}O{1}>{\__tikzsymbols_if_empty:Tn
. {opacity=0}}O{opacity=0}>{\__tikzsymbols_if_empty:Tn
. {opacity=0}}O{opacity=0}>{\__tikzsymbols_if_empty:Tn
. {opacity=0}}O{opacity=0}' on line 2692.
.................................................
.................................................
. LaTeX info: "xparse/define-command"
. 
. Defining command \Moai with sig. '>{\__tikzsymbols_scale_if_empty:nTn
. {Moai}{1}}O{1}' on line 2742.
.................................................
.................................................
. LaTeX info: "xparse/define-command"
. 
. Defining command \Snowman with sig. '>{\__tikzsymbols_scale_if_empty:nTn
. {Snowman}{1}}O{1}' on line 2794.
.................................................
.................................................
. LaTeX info: "xparse/define-command"
. 
. Defining command \BasicTree with sig. '>{\__tikzsymbols_scale_if_empty:nTn
. {BasicTree}{1}}O{1}mmmm' on line 2815.
.................................................
.................................................
. LaTeX info: "xparse/define-command"
. 
. Defining command \WorstTree with sig. '>{\__tikzsymbols_scale_if_empty:nTn
. {WorstTree}{1}}O{1}' on line 2851.
.................................................
.................................................
. LaTeX info: "xparse/define-command"
. 
. Defining command \Springtree with sig. '>{\__tikzsymbols_scale_if_empty:nTn
. {Springtree}{1}}O{1}' on line 2860.
.................................................
.................................................
. LaTeX info: "xparse/define-command"
. 
. Defining command \Summertree with sig. '>{\__tikzsymbols_scale_if_empty:nTn
. {Summertree}{1}}O{1}' on line 2869.
.................................................
.................................................
. LaTeX info: "xparse/define-command"
. 
. Defining command \Autumntree with sig. '>{\__tikzsymbols_scale_if_empty:nTn
. {Autumntree}{1}}O{1}' on line 2878.
.................................................
.................................................
. LaTeX info: "xparse/define-command"
. 
. Defining command \Wintertree with sig. '>{\__tikzsymbols_scale_if_empty:nTn
. {Wintertree}{1}}O{1}' on line 2887.
.................................................
.................................................
. LaTeX info: "xparse/define-command"
. 
. Defining command \tikzsymbolsuse with sig. 'm' on line 2908.
.................................................
.................................................
. LaTeX info: "xparse/define-command"
. 
. Defining command \tikzsymbolsset with sig. 'm' on line 2919.
.................................................
)

Package hyperref Warning: Token not allowed in a PDF string (PDFDocEncoding):
(hyperref)                removing `\\' on input line 25.

(./trendiness.aux)
\openout1 = `trendiness.aux'.

LaTeX Font Info:    Checking defaults for OML/cmm/m/it on input line 30.
LaTeX Font Info:    ... okay on input line 30.
LaTeX Font Info:    Checking defaults for T1/cmr/m/n on input line 30.
LaTeX Font Info:    ... okay on input line 30.
LaTeX Font Info:    Checking defaults for OT1/cmr/m/n on input line 30.
LaTeX Font Info:    ... okay on input line 30.
LaTeX Font Info:    Checking defaults for OMS/cmsy/m/n on input line 30.
LaTeX Font Info:    ... okay on input line 30.
LaTeX Font Info:    Checking defaults for OMX/cmex/m/n on input line 30.
LaTeX Font Info:    ... okay on input line 30.
LaTeX Font Info:    Checking defaults for U/cmr/m/n on input line 30.
LaTeX Font Info:    ... okay on input line 30.
LaTeX Font Info:    Checking defaults for PD1/pdf/m/n on input line 30.
LaTeX Font Info:    ... okay on input line 30.

*geometry* driver: auto-detecting
*geometry* detected driver: pdftex
*geometry* verbose mode - [ preamble ] result:
* driver: pdftex
* paper: custom
* layout: <same size as paper>
* layoutoffset:(h,v)=(0.0pt,0.0pt)
* modes: includehead includefoot 
* h-part:(L,W,R)=(28.45274pt, 307.28987pt, 28.45274pt)
* v-part:(T,H,B)=(0.0pt, 273.14662pt, 0.0pt)
* \paperwidth=364.19536pt
* \paperheight=273.14662pt
* \textwidth=307.28987pt
* \textheight=244.6939pt
* \oddsidemargin=-43.81725pt
* \evensidemargin=-43.81725pt
* \topmargin=-72.26999pt
* \headheight=14.22636pt
* \headsep=0.0pt
* \topskip=11.0pt
* \footskip=14.22636pt
* \marginparwidth=4.0pt
* \marginparsep=10.0pt
* \columnsep=10.0pt
* \skip\footins=10.0pt plus 4.0pt minus 2.0pt
* \hoffset=0.0pt
* \voffset=0.0pt
* \mag=1000
* \@twocolumnfalse
* \@twosidefalse
* \@mparswitchfalse
* \@reversemarginfalse
* (1in=72.27pt=25.4mm, 1cm=28.453pt)

(/usr/local/texlive/2018/texmf-dist/tex/context/base/mkii/supp-pdf.mkii
[Loading MPS to PDF converter (version 2006.09.02).]
\scratchcounter=\count329
\scratchdimen=\dimen302
\scratchbox=\box77
\nofMPsegments=\count330
\nofMParguments=\count331
\everyMPshowfont=\toks51
\MPscratchCnt=\count332
\MPscratchDim=\dimen303
\MPnumerator=\count333
\makeMPintoPDFobject=\count334
\everyMPtoPDFconversion=\toks52
) (/usr/local/texlive/2018/texmf-dist/tex/latex/oberdiek/epstopdf-base.sty
Package: epstopdf-base 2016/05/15 v2.6 Base part for package epstopdf

(/usr/local/texlive/2018/texmf-dist/tex/latex/oberdiek/grfext.sty
Package: grfext 2016/05/16 v1.2 Manage graphics extensions (HO)
)
Package epstopdf-base Info: Redefining graphics rule for `.eps' on input line 4
38.
Package grfext Info: Graphics extension search list:
(grfext)             [.pdf,.png,.jpg,.mps,.jpeg,.jbig2,.jb2,.PDF,.PNG,.JPG,.JPE
G,.JBIG2,.JB2,.eps]
(grfext)             \AppendGraphicsExtensions on input line 456.

(/usr/local/texlive/2018/texmf-dist/tex/latex/latexconfig/epstopdf-sys.cfg
File: epstopdf-sys.cfg 2010/07/13 v1.3 Configuration of (r)epstopdf for TeX Liv
e
))
ABD: EveryShipout initializing macros
\AtBeginShipoutBox=\box78
Package hyperref Info: Link coloring OFF on input line 30.

(/usr/local/texlive/2018/texmf-dist/tex/latex/hyperref/nameref.sty
Package: nameref 2016/05/21 v2.44 Cross-referencing by name of section

(/usr/local/texlive/2018/texmf-dist/tex/generic/oberdiek/gettitlestring.sty
Package: gettitlestring 2016/05/16 v1.5 Cleanup title references (HO)
)
\c@section@level=\count335
)
LaTeX Info: Redefining \ref on input line 30.
LaTeX Info: Redefining \pageref on input line 30.
LaTeX Info: Redefining \nameref on input line 30.

(./trendiness.out) (./trendiness.out)
\@outlinefile=\write6
\openout6 = `trendiness.out'.


(/usr/local/texlive/2018/texmf-dist/tex/latex/translator/translator-basic-dicti
onary-English.dict
Dictionary: translator-basic-dictionary, Language: English 
)
(/usr/local/texlive/2018/texmf-dist/tex/latex/translator/translator-bibliograph
y-dictionary-English.dict
Dictionary: translator-bibliography-dictionary, Language: English 
)
(/usr/local/texlive/2018/texmf-dist/tex/latex/translator/translator-environment
-dictionary-English.dict
Dictionary: translator-environment-dictionary, Language: English 
)
(/usr/local/texlive/2018/texmf-dist/tex/latex/translator/translator-months-dict
ionary-English.dict
Dictionary: translator-months-dictionary, Language: English 
)
(/usr/local/texlive/2018/texmf-dist/tex/latex/translator/translator-numbers-dic
tionary-English.dict
Dictionary: translator-numbers-dictionary, Language: English 
)
(/usr/local/texlive/2018/texmf-dist/tex/latex/translator/translator-theorem-dic
tionary-English.dict
Dictionary: translator-theorem-dictionary, Language: English 
) (./trendiness.nav)
Overfull \vbox (15.63992pt too high) detected at line 32
 []

[1

{/usr/local/texlive/2018/texmf-var/fonts/map/pdftex/updmap/pdftex.map}]
LaTeX Font Info:    Try loading font information for U+msa on input line 41.

(/usr/local/texlive/2018/texmf-dist/tex/latex/amsfonts/umsa.fd
File: umsa.fd 2013/01/14 v3.01 AMS symbols A
)
LaTeX Font Info:    Try loading font information for U+msb on input line 41.

(/usr/local/texlive/2018/texmf-dist/tex/latex/amsfonts/umsb.fd
File: umsb.fd 2013/01/14 v3.01 AMS symbols B
) [2

]
LaTeX Font Info:    Try loading font information for OMS+cmr on input line 53.

(/usr/local/texlive/2018/texmf-dist/tex/latex/base/omscmr.fd
File: omscmr.fd 2014/09/29 v2.5h Standard LaTeX font definitions
)
LaTeX Font Info:    Font shape `OMS/cmr/m/n' in size <10.95> not available
(Font)              Font shape `OMS/cmsy/m/n' tried instead on input line 53.
 [3

] [4

]
<rygere.png, id=63, 616.3025pt x 311.1625pt>
File: rygere.png Graphic file (type png)
<use rygere.png>
Package pdftex.def Info: rygere.png  used on input line 72.
(pdftex.def)             Requested size: 308.1505pt x 155.58087pt.

Overfull \hbox (0.86063pt too wide) in paragraph at lines 72--72
 [] 
 []

[5

 <./rygere.png>] [6

] [7

] [8

] [9

] [10

] [11

]
Overfull \vbox (17.09464pt too high) detected at line 145
 []

[12

]
Overfull \vbox (17.09464pt too high) detected at line 145
 []

[13

] [14

] [15

] [16

] [17

]
Overfull \hbox (11.11263pt too wide) detected at line 196
[]
 []

[18

]
Overfull \hbox (16.66095pt too wide) detected at line 216
[]
 []

[19

] [20

]
<postAni01.pdf, id=167, 578.16pt x 433.62pt>
File: postAni01.pdf Graphic file (type pdf)
<use postAni01.pdf>
Package pdftex.def Info: postAni01.pdf  used on input line 232.
(pdftex.def)             Requested size: 289.07928pt x 216.80946pt.

Overfull \vbox (28.73149pt too high) detected at line 232
 []

[21

 <./postAni01.pdf>]
<postAni02.pdf, id=179, 578.16pt x 433.62pt>
File: postAni02.pdf Graphic file (type pdf)
<use postAni02.pdf>
Package pdftex.def Info: postAni02.pdf  used on input line 237.
(pdftex.def)             Requested size: 289.07928pt x 216.80946pt.

Overfull \vbox (28.73149pt too high) detected at line 237
 []

[22

 <./postAni02.pdf>]
<postAni03.pdf, id=192, 578.16pt x 433.62pt>
File: postAni03.pdf Graphic file (type pdf)
<use postAni03.pdf>
Package pdftex.def Info: postAni03.pdf  used on input line 242.
(pdftex.def)             Requested size: 289.07928pt x 216.80946pt.

Overfull \vbox (28.73149pt too high) detected at line 242
 []

[23

 <./postAni03.pdf>]
<postAni04.pdf, id=204, 578.16pt x 433.62pt>
File: postAni04.pdf Graphic file (type pdf)
<use postAni04.pdf>
Package pdftex.def Info: postAni04.pdf  used on input line 247.
(pdftex.def)             Requested size: 289.07928pt x 216.80946pt.

Overfull \vbox (28.73149pt too high) detected at line 247
 []

[24

 <./postAni04.pdf>]
<postAni05.pdf, id=216, 578.16pt x 433.62pt>
File: postAni05.pdf Graphic file (type pdf)
<use postAni05.pdf>
Package pdftex.def Info: postAni05.pdf  used on input line 252.
(pdftex.def)             Requested size: 289.07928pt x 216.80946pt.

Overfull \vbox (28.73149pt too high) detected at line 252
 []

[25

 <./postAni05.pdf>]
<postAni06.pdf, id=229, 578.16pt x 433.62pt>
File: postAni06.pdf Graphic file (type pdf)
<use postAni06.pdf>
Package pdftex.def Info: postAni06.pdf  used on input line 257.
(pdftex.def)             Requested size: 289.07928pt x 216.80946pt.

Overfull \vbox (28.73149pt too high) detected at line 257
 []

[26

 <./postAni06.pdf>]
<postAni07.pdf, id=241, 578.16pt x 433.62pt>
File: postAni07.pdf Graphic file (type pdf)
<use postAni07.pdf>
Package pdftex.def Info: postAni07.pdf  used on input line 262.
(pdftex.def)             Requested size: 289.07928pt x 216.80946pt.

Overfull \vbox (28.73149pt too high) detected at line 262
 []

[27

 <./postAni07.pdf>] [28

]
<probAni01.pdf, id=258, 578.16pt x 433.62pt>
File: probAni01.pdf Graphic file (type pdf)
<use probAni01.pdf>
Package pdftex.def Info: probAni01.pdf  used on input line 280.
(pdftex.def)             Requested size: 289.07928pt x 216.80946pt.

Overfull \vbox (9.61656pt too high) detected at line 280
 []

[29

 <./probAni01.pdf>]
<probAni02.pdf, id=270, 578.16pt x 433.62pt>
File: probAni02.pdf Graphic file (type pdf)
<use probAni02.pdf>
Package pdftex.def Info: probAni02.pdf  used on input line 283.
(pdftex.def)             Requested size: 289.07928pt x 216.80946pt.

Overfull \vbox (9.61656pt too high) detected at line 283
 []

[30

 <./probAni02.pdf>]
<probAni03.pdf, id=282, 578.16pt x 433.62pt>
File: probAni03.pdf Graphic file (type pdf)
<use probAni03.pdf>
Package pdftex.def Info: probAni03.pdf  used on input line 286.
(pdftex.def)             Requested size: 289.07928pt x 216.80946pt.

Overfull \vbox (9.61656pt too high) detected at line 286
 []

[31

 <./probAni03.pdf>]
<probAni04.pdf, id=295, 578.16pt x 433.62pt>
File: probAni04.pdf Graphic file (type pdf)
<use probAni04.pdf>
Package pdftex.def Info: probAni04.pdf  used on input line 289.
(pdftex.def)             Requested size: 289.07928pt x 216.80946pt.

Overfull \vbox (9.61656pt too high) detected at line 289
 []

[32

 <./probAni04.pdf>]
<probAni05.pdf, id=308, 578.16pt x 433.62pt>
File: probAni05.pdf Graphic file (type pdf)
<use probAni05.pdf>
Package pdftex.def Info: probAni05.pdf  used on input line 292.
(pdftex.def)             Requested size: 289.07928pt x 216.80946pt.

Overfull \vbox (9.61656pt too high) detected at line 292
 []

[33

 <./probAni05.pdf>]
<probAni06.pdf, id=320, 578.16pt x 433.62pt>
File: probAni06.pdf Graphic file (type pdf)
<use probAni06.pdf>
Package pdftex.def Info: probAni06.pdf  used on input line 295.
(pdftex.def)             Requested size: 289.07928pt x 216.80946pt.

Overfull \vbox (9.61656pt too high) detected at line 295
 []

[34

 <./probAni06.pdf>] [35

]
\g__tikzsymbols_savebox_F_0.98 g 0.98 G_10_Fire_1_box=\box79
\g__tikzsymbols_savebox_F_0.98 g 0.98 G_10_Smiley_1_none_box=\box80
\g__tikzsymbols_savebox_F_0.98 g 0.98 G_10_Xey_1_none_box=\box81
\g__tikzsymbols_savebox_F_0.98 g 0.98 G_10_Bratpfanne_1_box=\box82

Overfull \vbox (0.60333pt too high) detected at line 322
 []

[36

]
Overfull \vbox (0.60333pt too high) detected at line 322
 []

[37

]
\openout4 = `trendiness.vrb'.

 (./trendiness.vrb
Package epstopdf Info: Source file: <logo_tm.eps>
(epstopdf)                    date: 2019-03-12 00:54:58
(epstopdf)                    size: 9538 bytes
(epstopdf)             Output file: <logo_tm-eps-converted-to.pdf>
(epstopdf)                    date: 2019-03-12 00:55:14
(epstopdf)                    size: 5937 bytes
(epstopdf)             Command: <repstopdf --outfile=logo_tm-eps-converted-to.p
df logo_tm.eps>
(epstopdf)             \includegraphics on input line 26.
Package epstopdf Info: Output file is already uptodate.
<logo_tm-eps-converted-to.pdf, id=350, 251.94125pt x 253.94875pt>
File: logo_tm-eps-converted-to.pdf Graphic file (type pdf)
<use logo_tm-eps-converted-to.pdf>
Package pdftex.def Info: logo_tm-eps-converted-to.pdf  used on input line 26.
(pdftex.def)             Requested size: 76.82246pt x 77.43294pt.
)
Overfull \vbox (0.13094pt too high) detected at line 354
 []

[38

 <./logo_tm-eps-converted-to.pdf>]
\openout4 = `trendiness.vrb'.

 (./trendiness.vrb)
Overfull \vbox (20.89754pt too high) detected at line 381
 []

[39

]
\openout4 = `trendiness.vrb'.

 (./trendiness.vrb) [40

] [41

]
<rygereSST1.png, id=381, 796.9775pt x 163.61125pt>
File: rygereSST1.png Graphic file (type png)
<use rygereSST1.png>
Package pdftex.def Info: rygereSST1.png  used on input line 415.
(pdftex.def)             Requested size: 302.85458pt x 62.17291pt.
<rygereSST2.png, id=382, 592.2125pt x 51.19125pt>
File: rygereSST2.png Graphic file (type png)
<use rygereSST2.png>
Package pdftex.def Info: rygereSST2.png  used on input line 415.
(pdftex.def)             Requested size: 248.72754pt x 21.50017pt.
<rygereSST3.png, id=383, 723.70375pt x 71.26625pt>
File: rygereSST3.png Graphic file (type png)
<use rygereSST3.png>
Package pdftex.def Info: rygereSST3.png  used on input line 415.
(pdftex.def)             Requested size: 248.94923pt x 24.51509pt.
 [42

 <./rygereSST1.png> <./rygereSST2.png> <./rygereSST3.png>]
<smokersData.pdf, id=392, 578.16pt x 433.62pt>
File: smokersData.pdf Graphic file (type pdf)
<use smokersData.pdf>
Package pdftex.def Info: smokersData.pdf  used on input line 420.
(pdftex.def)             Requested size: 289.07928pt x 216.80946pt.

Overfull \vbox (9.61656pt too high) detected at line 420
 []

[43

 <./smokersData.pdf>]
<smoking1.pdf, id=406, 578.16pt x 433.62pt>
File: smoking1.pdf Graphic file (type pdf)
<use smoking1.pdf>
Package pdftex.def Info: smoking1.pdf  used on input line 424.
(pdftex.def)             Requested size: 289.07928pt x 216.80946pt.

Overfull \vbox (9.61656pt too high) detected at line 424
 []

[44

 <./smoking1.pdf>] [45

]
<ybr.jpeg, id=427, 2609.75pt x 2097.8375pt>
File: ybr.jpeg Graphic file (type jpg)
<use ybr.jpeg>
Package pdftex.def Info: ybr.jpeg  used on input line 432.
(pdftex.def)             Requested size: 306.62576pt x 246.47993pt.

Overfull \vbox (7.57214pt too high) detected at line 432
 []

[46

 <./ybr.jpeg>]
Overfull \vbox (14.32083pt too high) detected at line 446
 []

[47

]
Overfull \vbox (14.32083pt too high) detected at line 446
 []

[48

] [49

]
Overfull \hbox (5.76868pt too wide) detected at line 474
[]
 []

[50

] [51

]
<smoking2-1.pdf, id=460, 578.16pt x 361.35pt>
File: smoking2-1.pdf Graphic file (type pdf)
<use smoking2-1.pdf>
Package pdftex.def Info: smoking2-1.pdf  used on input line 495.
(pdftex.def)             Requested size: 289.07928pt x 180.67456pt.
 [52

 <./smoking2-1.pdf>]
\g__tikzsymbols_savebox_F_0.98 g 0.98 G_10.95_Coffeecup_1_box=\box83
 [53

] [54

]
\tf@nav=\write7
\openout7 = `trendiness.nav'.

\tf@toc=\write8
\openout8 = `trendiness.toc'.

\tf@snm=\write9
\openout9 = `trendiness.snm'.

Package atveryend Info: Empty hook `BeforeClearDocument' on input line 527.
Package atveryend Info: Empty hook `AfterLastShipout' on input line 527.
 (./trendiness.aux)
Package atveryend Info: Executing hook `AtVeryEndDocument' on input line 527.
Package atveryend Info: Executing hook `AtEndAfterFileList' on input line 527.
Package rerunfilecheck Info: File `trendiness.out' has not changed.
(rerunfilecheck)             Checksum: D91D2AC4189ADF0C55B188961AB1AE66;292.
 ) 
Here is how much of TeX's memory you used:
 31461 strings out of 492649
 642450 string characters out of 6129623
 744762 words of memory out of 5000000
 34649 multiletter control sequences out of 15000+600000
 544382 words of font info for 77 fonts, out of 8000000 for 9000
 1141 hyphenation exceptions out of 8191
 61i,17n,106p,10412b,1002s stack positions out of 5000i,500n,10000p,200000b,80000s
</usr/local/texlive/2018/texmf-dist/fonts/type1/public/amsfonts/cm/cmbx10.pfb
></usr/local/texlive/2018/texmf-dist/fonts/type1/public/amsfonts/cm/cmbx12.pfb>
</usr/local/texlive/2018/texmf-dist/fonts/type1/public/amsfonts/cm/cmbx9.pfb></
usr/local/texlive/2018/texmf-dist/fonts/type1/public/amsfonts/cm/cmex10.pfb></u
sr/local/texlive/2018/texmf-dist/fonts/type1/public/amsfonts/cmextra/cmex9.pfb>
</usr/local/texlive/2018/texmf-dist/fonts/type1/public/amsfonts/cm/cmmi10.pfb><
/usr/local/texlive/2018/texmf-dist/fonts/type1/public/amsfonts/cm/cmmi12.pfb></
usr/local/texlive/2018/texmf-dist/fonts/type1/public/amsfonts/cm/cmmi6.pfb></us
r/local/texlive/2018/texmf-dist/fonts/type1/public/amsfonts/cm/cmmi8.pfb></usr/
local/texlive/2018/texmf-dist/fonts/type1/public/amsfonts/cm/cmmi9.pfb></usr/lo
cal/texlive/2018/texmf-dist/fonts/type1/public/amsfonts/cm/cmr10.pfb></usr/loca
l/texlive/2018/texmf-dist/fonts/type1/public/amsfonts/cm/cmr12.pfb></usr/local/
texlive/2018/texmf-dist/fonts/type1/public/amsfonts/cm/cmr17.pfb></usr/local/te
xlive/2018/texmf-dist/fonts/type1/public/amsfonts/cm/cmr6.pfb></usr/local/texli
ve/2018/texmf-dist/fonts/type1/public/amsfonts/cm/cmr7.pfb></usr/local/texlive/
2018/texmf-dist/fonts/type1/public/amsfonts/cm/cmr8.pfb></usr/local/texlive/201
8/texmf-dist/fonts/type1/public/amsfonts/cm/cmr9.pfb></usr/local/texlive/2018/t
exmf-dist/fonts/type1/public/amsfonts/cm/cmsy10.pfb></usr/local/texlive/2018/te
xmf-dist/fonts/type1/public/amsfonts/cm/cmsy6.pfb></usr/local/texlive/2018/texm
f-dist/fonts/type1/public/amsfonts/cm/cmsy8.pfb></usr/local/texlive/2018/texmf-
dist/fonts/type1/public/amsfonts/cm/cmsy9.pfb></usr/local/texlive/2018/texmf-di
st/fonts/type1/public/amsfonts/cm/cmti10.pfb></usr/local/texlive/2018/texmf-dis
t/fonts/type1/public/amsfonts/cm/cmtt10.pfb></usr/local/texlive/2018/texmf-dist
/fonts/type1/public/amsfonts/cm/cmtt8.pfb></usr/local/texlive/2018/texmf-dist/f
onts/type1/public/amsfonts/cm/cmtt9.pfb></usr/local/texlive/2018/texmf-dist/fon
ts/type1/public/amsfonts/symbols/msbm10.pfb>
Output written on trendiness.pdf (54 pages, 6350941 bytes).
PDF statistics:
 593 PDF objects out of 1000 (max. 8388607)
 456 compressed objects within 5 object streams
 115 named destinations out of 1000 (max. 500000)
 201 words of extra memory for PDF output out of 10000 (max. 10000000)

